Running Timing Analysis
-----------------------
------------------------------------------------------------------
100 iterations of matrix multiplication (functor) ran using (50,40)*(40,60) = (50,60)
      :Method:Average Time (s):approximate ops:computed elements
Data  Point:f:0.0049977:120110:3000
------------------------------------------------------------------
100 iterations of matrix multiplication (functor) ran using (60,50)*(50,70) = (60,70)
      :Method:Average Time (s):approximate ops:computed elements
Data  Point:f:0.00860806:210130:4200
------------------------------------------------------------------
100 iterations of matrix multiplication (functor) ran using (70,60)*(60,80) = (70,80)
      :Method:Average Time (s):approximate ops:computed elements
Data  Point:f:0.0137454:336150:5600
------------------------------------------------------------------
100 iterations of matrix multiplication (functor) ran using (80,70)*(70,90) = (80,90)
      :Method:Average Time (s):approximate ops:computed elements
Data  Point:f:0.0206391:504170:7200
------------------------------------------------------------------
100 iterations of matrix multiplication (functor) ran using (90,80)*(80,100) = (90,100)
      :Method:Average Time (s):approximate ops:computed elements
Data  Point:f:0.029266:720190:9000
------------------------------------------------------------------
100 iterations of matrix multiplication (functor) ran using (100,90)*(90,110) = (100,110)
      :Method:Average Time (s):approximate ops:computed elements
Data  Point:f:0.0402801:990210:11000
------------------------------------------------------------------
100 iterations of matrix multiplication (functor) ran using (200,90)*(90,220) = (200,220)
      :Method:Average Time (s):approximate ops:computed elements
Data  Point:f:0.160611:3960420:44000
------------------------------------------------------------------
100 iterations of matrix multiplication (functor) ran using (200,180)*(180,220) = (200,220)
      :Method:Average Time (s):approximate ops:computed elements
Data  Point:f:0.320042:7920420:44000
------------------------------------------------------------------
100 iterations of matrix multiplication (functor) ran using (400,360)*(360,240) = (400,240)
      :Method:Average Time (s):approximate ops:computed elements
Data  Point:f:1.39885:34560640:96000
------------------------------------------------------------------
100 iterations of matrix multiplication (method) ran using (50,40)*(40,60) = (50,60)
      :Method:Average Time (s):approximate ops:computed elements
Data Point:m1:0.00609851:120110:3000
------------------------------------------------------------------
100 iterations of matrix multiplication (method) ran using (60,50)*(50,70) = (60,70)
      :Method:Average Time (s):approximate ops:computed elements
Data Point:m1:0.0105862:210130:4200
------------------------------------------------------------------
100 iterations of matrix multiplication (method) ran using (70,60)*(60,80) = (70,80)
      :Method:Average Time (s):approximate ops:computed elements
Data Point:m1:0.0168598:336150:5600
------------------------------------------------------------------
100 iterations of matrix multiplication (method) ran using (80,70)*(70,90) = (80,90)
      :Method:Average Time (s):approximate ops:computed elements
Data Point:m1:0.0251628:504170:7200
------------------------------------------------------------------
100 iterations of matrix multiplication (method) ran using (90,80)*(80,100) = (90,100)
      :Method:Average Time (s):approximate ops:computed elements
Data Point:m1:0.0359186:720190:9000
------------------------------------------------------------------
100 iterations of matrix multiplication (method) ran using (100,90)*(90,110) = (100,110)
      :Method:Average Time (s):approximate ops:computed elements
Data Point:m1:0.0492232:990210:11000
------------------------------------------------------------------
100 iterations of matrix multiplication (method) ran using (200,90)*(90,220) = (200,220)
      :Method:Average Time (s):approximate ops:computed elements
Data Point:m1:0.196525:3960420:44000
------------------------------------------------------------------
100 iterations of matrix multiplication (method) ran using (200,180)*(180,220) = (200,220)
      :Method:Average Time (s):approximate ops:computed elements
Data Point:m1:0.390342:7920420:44000
------------------------------------------------------------------
100 iterations of matrix multiplication (method) ran using (400,360)*(360,240) = (400,240)
      :Method:Average Time (s):approximate ops:computed elements
Data Point:m1:1.70615:34560640:96000
Timing Analysis Completed
=========================
